Using pre-set license
Built from '2020.3/staging' branch; Version is '2020.3.21f1 (a38c86f6690f) revision 10718342'; Using compiler version '192528614'; Build Type 'Release'
OS: 'Windows 10 Pro; OS build 19043.1165; Version 2009; 64bit' Language: 'ru' Physical Memory: 16221 MB
BatchMode: 1, IsHumanControllingUs: 0, StartBugReporterOnCrash: 0, Is64bit: 1, IsPro: 0

COMMAND LINE ARGUMENTS:
C:\Coding\Unity Editor\2020.3.21f1\Editor\Unity.exe
-adb2
-batchMode
-noUpm
-name
AssetImportWorker0
-projectPath
C:/Coding/Unity/ALDante
-logFile
Logs/AssetImportWorker0.log
-srvPort
57919
Successfully changed project path to: C:/Coding/Unity/ALDante
C:/Coding/Unity/ALDante
Using Asset Import Pipeline V2.
Refreshing native plugins compatible for Editor in 42.96 ms, found 3 plugins.
Preloading 0 native plugins for Editor in 0.00 ms.
Initialize engine version: 2020.3.21f1 (a38c86f6690f)
[Subsystems] Discovering subsystems at path C:/Coding/Unity Editor/2020.3.21f1/Editor/Data/Resources/UnitySubsystems
[Subsystems] Discovering subsystems at path C:/Coding/Unity/ALDante/Assets
GfxDevice: creating device client; threaded=0
Direct3D:
    Version:  Direct3D 11.0 [level 11.1]
    Renderer: NVIDIA GeForce GTX 1650 (ID=0x1f99)
    Vendor:   
    VRAM:     3962 MB
    Driver:   30.0.14.7196
Initialize mono
Mono path[0] = 'C:/Coding/Unity Editor/2020.3.21f1/Editor/Data/Managed'
Mono path[1] = 'C:/Coding/Unity Editor/2020.3.21f1/Editor/Data/MonoBleedingEdge/lib/mono/unityjit'
Mono config path = 'C:/Coding/Unity Editor/2020.3.21f1/Editor/Data/MonoBleedingEdge/etc'
Using monoOptions --debugger-agent=transport=dt_socket,embedding=1,server=y,suspend=n,address=127.0.0.1:56272
Begin MonoManager ReloadAssembly
Registering precompiled unity dll's ...
Register platform support module: C:/Coding/Unity Editor/2020.3.21f1/Editor/Data/PlaybackEngines/WindowsStandaloneSupport/UnityEditor.WindowsStandalone.Extensions.dll
Registered in 0.000810 seconds.
Native extension for WindowsStandalone target not found
Refreshing native plugins compatible for Editor in 41.70 ms, found 3 plugins.
Preloading 0 native plugins for Editor in 0.00 ms.
Mono: successfully reloaded assembly
- Completed reload, in  1.079 seconds
Domain Reload Profiling:
	ReloadAssembly (1079ms)
		BeginReloadAssembly (48ms)
			ExecutionOrderSort (0ms)
			DisableScriptedObjects (0ms)
			BackupInstance (0ms)
			ReleaseScriptingObjects (0ms)
			CreateAndSetChildDomain (1ms)
		EndReloadAssembly (428ms)
			LoadAssemblies (48ms)
			RebuildTransferFunctionScriptingTraits (0ms)
			SetupTypeCache (139ms)
			ReleaseScriptCaches (0ms)
			RebuildScriptCaches (28ms)
			SetupLoadedEditorAssemblies (171ms)
				LogAssemblyErrors (0ms)
				InitializePlatformSupportModulesInManaged (5ms)
				SetLoadedEditorAssemblies (0ms)
				RefreshPlugins (42ms)
				BeforeProcessingInitializeOnLoad (7ms)
				ProcessInitializeOnLoadAttributes (90ms)
				ProcessInitializeOnLoadMethodAttributes (27ms)
				AfterProcessingInitializeOnLoad (0ms)
				EditorAssembliesLoaded (0ms)
			ExecutionOrderSort2 (0ms)
			AwakeInstancesAfterBackupRestoration (0ms)
Platform modules already initialized, skipping
Registering precompiled user dll's ...
Registered in 0.002669 seconds.
Begin MonoManager ReloadAssembly
Native extension for WindowsStandalone target not found
Refreshing native plugins compatible for Editor in 43.06 ms, found 3 plugins.
Preloading 0 native plugins for Editor in 0.00 ms.
Mono: successfully reloaded assembly
- Completed reload, in  1.039 seconds
Domain Reload Profiling:
	ReloadAssembly (1040ms)
		BeginReloadAssembly (132ms)
			ExecutionOrderSort (0ms)
			DisableScriptedObjects (4ms)
			BackupInstance (0ms)
			ReleaseScriptingObjects (0ms)
			CreateAndSetChildDomain (18ms)
		EndReloadAssembly (853ms)
			LoadAssemblies (80ms)
			RebuildTransferFunctionScriptingTraits (0ms)
			SetupTypeCache (288ms)
			ReleaseScriptCaches (0ms)
			RebuildScriptCaches (49ms)
			SetupLoadedEditorAssemblies (330ms)
				LogAssemblyErrors (0ms)
				InitializePlatformSupportModulesInManaged (3ms)
				SetLoadedEditorAssemblies (0ms)
				RefreshPlugins (43ms)
				BeforeProcessingInitializeOnLoad (57ms)
				ProcessInitializeOnLoadAttributes (207ms)
				ProcessInitializeOnLoadMethodAttributes (18ms)
				AfterProcessingInitializeOnLoad (2ms)
				EditorAssembliesLoaded (0ms)
			ExecutionOrderSort2 (0ms)
			AwakeInstancesAfterBackupRestoration (5ms)
Platform modules already initialized, skipping
========================================================================
Worker process is ready to serve import requests
Launched and connected shader compiler UnityShaderCompiler.exe after 0.06 seconds
Refreshing native plugins compatible for Editor in 0.90 ms, found 3 plugins.
Preloading 0 native plugins for Editor in 0.00 ms.
Unloading 2284 Unused Serialized files (Serialized files now loaded: 0)
System memory in use before: 98.5 MB.
System memory in use after: 98.6 MB.

Unloading 41 unused Assets to reduce memory usage. Loaded Objects now: 2704.
Total: 4.835400 ms (FindLiveObjects: 0.255200 ms CreateObjectMapping: 0.130100 ms MarkObjects: 4.316800 ms  DeleteObjects: 0.131700 ms)

AssetImportParameters requested are different than current active one (requested -> active):
  custom:framework-win-MediaFoundation: 216162199b28c13a410421893ffa2e32 -> 
  custom:video-decoder-ogg-theora: a1e56fd34408186e4bbccfd4996cb3dc -> 
  custom:container-muxer-webm: aa71ff27fc2769a1b78a27578f13a17b -> 
  custom:container-demuxer-webm: 4f35f7cbe854078d1ac9338744f61a02 -> 
  custom:container-demuxer-ogg: 62fdf1f143b41e24485cea50d1cbac27 -> 
  custom:video-encoder-webm-vp8: eb34c28f22e8b96e1ab97ce403110664 -> 
  custom:video-decoder-webm-vp8: 9c59270c3fd7afecdb556c50c9e8de78 -> 
  custom:audio-decoder-ogg-vorbis: bf7c407c2cedff20999df2af8eb42d56 -> 
  custom:audio-encoder-webm-vorbis: bf7c407c2cedff20999df2af8eb42d56 -> 
========================================================================
Received Import Request.
  path: Assets/Editor
  artifactKey: Guid(d98ad1674ee8d5040ad22d07feddcab5) Importer(815301076,1909f56bfc062723c751e8b465ee728b)
Start importing Assets/Editor using Guid(d98ad1674ee8d5040ad22d07feddcab5) Importer(815301076,1909f56bfc062723c751e8b465ee728b)  -> (artifact id: '40fef55b648584d5cae54ceb68e57337') in 0.009607 seconds 
  Import took 0.015456 seconds .

========================================================================
Received Import Request.
  Time since last request: 0.000560 seconds.
  path: Assets/Scenes
  artifactKey: Guid(bbbc74fad6ed1d243aee6102298f428b) Importer(815301076,1909f56bfc062723c751e8b465ee728b)
Start importing Assets/Scenes using Guid(bbbc74fad6ed1d243aee6102298f428b) Importer(815301076,1909f56bfc062723c751e8b465ee728b)  -> (artifact id: 'e2f5d9c482259fc97b3f344a61ab00ed') in 0.005262 seconds 
  Import took 0.009051 seconds .

========================================================================
Received Prepare
Trying to reload asset but can't find object on disk
0x00007ff72ca9b6fc (Unity) StackWalker::GetCurrentCallstack
0x00007ff72caa3d99 (Unity) StackWalker::ShowCallstack
0x00007ff72dfd1cac (Unity) GetStacktrace
0x00007ff72f105ab3 (Unity) DebugStringToFile
0x00007ff72c9b5099 (Unity) PersistentManager::ReloadFromDisk
0x00007ff72e16d676 (Unity) ReloadSerializedSingletons
0x00007ff72e143806 (Unity) <lambda_d5cd3abeeb3ed75489242b6b28c1fa53>::operator()
0x00007ff72e1e78a2 (Unity) asio::detail::completion_handler<core::mutable_function<void __cdecl(void)> >::do_complete
0x00007ff72e1e9a00 (Unity) asio::detail::win_iocp_io_service::do_one
0x00007ff72e1ed18e (Unity) asio::io_service::run
0x00007ff72e17002b (Unity) RunAssetImportWorkerClientV2
0x00007ff72e170080 (Unity) RunAssetImporterV2
0x00007ff72d62b046 (Unity) Application::InitializeProject
0x00007ff72dfdf212 (Unity) WinMain
0x00007ff72fe3def6 (Unity) __scrt_common_main_seh
0x00007ff91a8b7034 (KERNEL32) BaseThreadInitThunk
0x00007ff91aca2651 (ntdll) RtlUserThreadStart

Trying to reload asset but can't find object on disk
0x00007ff72ca9b6fc (Unity) StackWalker::GetCurrentCallstack
0x00007ff72caa3d99 (Unity) StackWalker::ShowCallstack
0x00007ff72dfd1cac (Unity) GetStacktrace
0x00007ff72f105ab3 (Unity) DebugStringToFile
0x00007ff72c9b5099 (Unity) PersistentManager::ReloadFromDisk
0x00007ff72e16d676 (Unity) ReloadSerializedSingletons
0x00007ff72e143806 (Unity) <lambda_d5cd3abeeb3ed75489242b6b28c1fa53>::operator()
0x00007ff72e1e78a2 (Unity) asio::detail::completion_handler<core::mutable_function<void __cdecl(void)> >::do_complete
0x00007ff72e1e9a00 (Unity) asio::detail::win_iocp_io_service::do_one
0x00007ff72e1ed18e (Unity) asio::io_service::run
0x00007ff72e17002b (Unity) RunAssetImportWorkerClientV2
0x00007ff72e170080 (Unity) RunAssetImporterV2
0x00007ff72d62b046 (Unity) Application::InitializeProject
0x00007ff72dfdf212 (Unity) WinMain
0x00007ff72fe3def6 (Unity) __scrt_common_main_seh
0x00007ff91a8b7034 (KERNEL32) BaseThreadInitThunk
0x00007ff91aca2651 (ntdll) RtlUserThreadStart

Trying to reload asset but can't find object on disk
0x00007ff72ca9b6fc (Unity) StackWalker::GetCurrentCallstack
0x00007ff72caa3d99 (Unity) StackWalker::ShowCallstack
0x00007ff72dfd1cac (Unity) GetStacktrace
0x00007ff72f105ab3 (Unity) DebugStringToFile
0x00007ff72c9b5099 (Unity) PersistentManager::ReloadFromDisk
0x00007ff72e16d676 (Unity) ReloadSerializedSingletons
0x00007ff72e143806 (Unity) <lambda_d5cd3abeeb3ed75489242b6b28c1fa53>::operator()
0x00007ff72e1e78a2 (Unity) asio::detail::completion_handler<core::mutable_function<void __cdecl(void)> >::do_complete
0x00007ff72e1e9a00 (Unity) asio::detail::win_iocp_io_service::do_one
0x00007ff72e1ed18e (Unity) asio::io_service::run
0x00007ff72e17002b (Unity) RunAssetImportWorkerClientV2
0x00007ff72e170080 (Unity) RunAssetImporterV2
0x00007ff72d62b046 (Unity) Application::InitializeProject
0x00007ff72dfdf212 (Unity) WinMain
0x00007ff72fe3def6 (Unity) __scrt_common_main_seh
0x00007ff91a8b7034 (KERNEL32) BaseThreadInitThunk
0x00007ff91aca2651 (ntdll) RtlUserThreadStart

Trying to reload asset but can't find object on disk
0x00007ff72ca9b6fc (Unity) StackWalker::GetCurrentCallstack
0x00007ff72caa3d99 (Unity) StackWalker::ShowCallstack
0x00007ff72dfd1cac (Unity) GetStacktrace
0x00007ff72f105ab3 (Unity) DebugStringToFile
0x00007ff72c9b5099 (Unity) PersistentManager::ReloadFromDisk
0x00007ff72e16d676 (Unity) ReloadSerializedSingletons
0x00007ff72e143806 (Unity) <lambda_d5cd3abeeb3ed75489242b6b28c1fa53>::operator()
0x00007ff72e1e78a2 (Unity) asio::detail::completion_handler<core::mutable_function<void __cdecl(void)> >::do_complete
0x00007ff72e1e9a00 (Unity) asio::detail::win_iocp_io_service::do_one
0x00007ff72e1ed18e (Unity) asio::io_service::run
0x00007ff72e17002b (Unity) RunAssetImportWorkerClientV2
0x00007ff72e170080 (Unity) RunAssetImporterV2
0x00007ff72d62b046 (Unity) Application::InitializeProject
0x00007ff72dfdf212 (Unity) WinMain
0x00007ff72fe3def6 (Unity) __scrt_common_main_seh
0x00007ff91a8b7034 (KERNEL32) BaseThreadInitThunk
0x00007ff91aca2651 (ntdll) RtlUserThreadStart

Trying to reload asset but can't find object on disk
0x00007ff72ca9b6fc (Unity) StackWalker::GetCurrentCallstack
0x00007ff72caa3d99 (Unity) StackWalker::ShowCallstack
0x00007ff72dfd1cac (Unity) GetStacktrace
0x00007ff72f105ab3 (Unity) DebugStringToFile
0x00007ff72c9b5099 (Unity) PersistentManager::ReloadFromDisk
0x00007ff72e16d676 (Unity) ReloadSerializedSingletons
0x00007ff72e143806 (Unity) <lambda_d5cd3abeeb3ed75489242b6b28c1fa53>::operator()
0x00007ff72e1e78a2 (Unity) asio::detail::completion_handler<core::mutable_function<void __cdecl(void)> >::do_complete
0x00007ff72e1e9a00 (Unity) asio::detail::win_iocp_io_service::do_one
0x00007ff72e1ed18e (Unity) asio::io_service::run
0x00007ff72e17002b (Unity) RunAssetImportWorkerClientV2
0x00007ff72e170080 (Unity) RunAssetImporterV2
0x00007ff72d62b046 (Unity) Application::InitializeProject
0x00007ff72dfdf212 (Unity) WinMain
0x00007ff72fe3def6 (Unity) __scrt_common_main_seh
0x00007ff91a8b7034 (KERNEL32) BaseThreadInitThunk
0x00007ff91aca2651 (ntdll) RtlUserThreadStart

Trying to reload asset but can't find object on disk
0x00007ff72ca9b6fc (Unity) StackWalker::GetCurrentCallstack
0x00007ff72caa3d99 (Unity) StackWalker::ShowCallstack
0x00007ff72dfd1cac (Unity) GetStacktrace
0x00007ff72f105ab3 (Unity) DebugStringToFile
0x00007ff72c9b5099 (Unity) PersistentManager::ReloadFromDisk
0x00007ff72e16d676 (Unity) ReloadSerializedSingletons
0x00007ff72e143806 (Unity) <lambda_d5cd3abeeb3ed75489242b6b28c1fa53>::operator()
0x00007ff72e1e78a2 (Unity) asio::detail::completion_handler<core::mutable_function<void __cdecl(void)> >::do_complete
0x00007ff72e1e9a00 (Unity) asio::detail::win_iocp_io_service::do_one
0x00007ff72e1ed18e (Unity) asio::io_service::run
0x00007ff72e17002b (Unity) RunAssetImportWorkerClientV2
0x00007ff72e170080 (Unity) RunAssetImporterV2
0x00007ff72d62b046 (Unity) Application::InitializeProject
0x00007ff72dfdf212 (Unity) WinMain
0x00007ff72fe3def6 (Unity) __scrt_common_main_seh
0x00007ff91a8b7034 (KERNEL32) BaseThreadInitThunk
0x00007ff91aca2651 (ntdll) RtlUserThreadStart

Trying to reload asset but can't find object on disk
0x00007ff72ca9b6fc (Unity) StackWalker::GetCurrentCallstack
0x00007ff72caa3d99 (Unity) StackWalker::ShowCallstack
0x00007ff72dfd1cac (Unity) GetStacktrace
0x00007ff72f105ab3 (Unity) DebugStringToFile
0x00007ff72c9b5099 (Unity) PersistentManager::ReloadFromDisk
0x00007ff72e16d676 (Unity) ReloadSerializedSingletons
0x00007ff72e143806 (Unity) <lambda_d5cd3abeeb3ed75489242b6b28c1fa53>::operator()
0x00007ff72e1e78a2 (Unity) asio::detail::completion_handler<core::mutable_function<void __cdecl(void)> >::do_complete
0x00007ff72e1e9a00 (Unity) asio::detail::win_iocp_io_service::do_one
0x00007ff72e1ed18e (Unity) asio::io_service::run
0x00007ff72e17002b (Unity) RunAssetImportWorkerClientV2
0x00007ff72e170080 (Unity) RunAssetImporterV2
0x00007ff72d62b046 (Unity) Application::InitializeProject
0x00007ff72dfdf212 (Unity) WinMain
0x00007ff72fe3def6 (Unity) __scrt_common_main_seh
0x00007ff91a8b7034 (KERNEL32) BaseThreadInitThunk
0x00007ff91aca2651 (ntdll) RtlUserThreadStart

Trying to reload asset but can't find object on disk
0x00007ff72ca9b6fc (Unity) StackWalker::GetCurrentCallstack
0x00007ff72caa3d99 (Unity) StackWalker::ShowCallstack
0x00007ff72dfd1cac (Unity) GetStacktrace
0x00007ff72f105ab3 (Unity) DebugStringToFile
0x00007ff72c9b5099 (Unity) PersistentManager::ReloadFromDisk
0x00007ff72e16d676 (Unity) ReloadSerializedSingletons
0x00007ff72e143806 (Unity) <lambda_d5cd3abeeb3ed75489242b6b28c1fa53>::operator()
0x00007ff72e1e78a2 (Unity) asio::detail::completion_handler<core::mutable_function<void __cdecl(void)> >::do_complete
0x00007ff72e1e9a00 (Unity) asio::detail::win_iocp_io_service::do_one
0x00007ff72e1ed18e (Unity) asio::io_service::run
0x00007ff72e17002b (Unity) RunAssetImportWorkerClientV2
0x00007ff72e170080 (Unity) RunAssetImporterV2
0x00007ff72d62b046 (Unity) Application::InitializeProject
0x00007ff72dfdf212 (Unity) WinMain
0x00007ff72fe3def6 (Unity) __scrt_common_main_seh
0x00007ff91a8b7034 (KERNEL32) BaseThreadInitThunk
0x00007ff91aca2651 (ntdll) RtlUserThreadStart

Trying to reload asset but can't find object on disk
0x00007ff72ca9b6fc (Unity) StackWalker::GetCurrentCallstack
0x00007ff72caa3d99 (Unity) StackWalker::ShowCallstack
0x00007ff72dfd1cac (Unity) GetStacktrace
0x00007ff72f105ab3 (Unity) DebugStringToFile
0x00007ff72c9b5099 (Unity) PersistentManager::ReloadFromDisk
0x00007ff72e16d676 (Unity) ReloadSerializedSingletons
0x00007ff72e143806 (Unity) <lambda_d5cd3abeeb3ed75489242b6b28c1fa53>::operator()
0x00007ff72e1e78a2 (Unity) asio::detail::completion_handler<core::mutable_function<void __cdecl(void)> >::do_complete
0x00007ff72e1e9a00 (Unity) asio::detail::win_iocp_io_service::do_one
0x00007ff72e1ed18e (Unity) asio::io_service::run
0x00007ff72e17002b (Unity) RunAssetImportWorkerClientV2
0x00007ff72e170080 (Unity) RunAssetImporterV2
0x00007ff72d62b046 (Unity) Application::InitializeProject
0x00007ff72dfdf212 (Unity) WinMain
0x00007ff72fe3def6 (Unity) __scrt_common_main_seh
0x00007ff91a8b7034 (KERNEL32) BaseThreadInitThunk
0x00007ff91aca2651 (ntdll) RtlUserThreadStart

Trying to reload asset but can't find object on disk
0x00007ff72ca9b6fc (Unity) StackWalker::GetCurrentCallstack
0x00007ff72caa3d99 (Unity) StackWalker::ShowCallstack
0x00007ff72dfd1cac (Unity) GetStacktrace
0x00007ff72f105ab3 (Unity) DebugStringToFile
0x00007ff72c9b5099 (Unity) PersistentManager::ReloadFromDisk
0x00007ff72e16d676 (Unity) ReloadSerializedSingletons
0x00007ff72e143806 (Unity) <lambda_d5cd3abeeb3ed75489242b6b28c1fa53>::operator()
0x00007ff72e1e78a2 (Unity) asio::detail::completion_handler<core::mutable_function<void __cdecl(void)> >::do_complete
0x00007ff72e1e9a00 (Unity) asio::detail::win_iocp_io_service::do_one
0x00007ff72e1ed18e (Unity) asio::io_service::run
0x00007ff72e17002b (Unity) RunAssetImportWorkerClientV2
0x00007ff72e170080 (Unity) RunAssetImporterV2
0x00007ff72d62b046 (Unity) Application::InitializeProject
0x00007ff72dfdf212 (Unity) WinMain
0x00007ff72fe3def6 (Unity) __scrt_common_main_seh
0x00007ff91a8b7034 (KERNEL32) BaseThreadInitThunk
0x00007ff91aca2651 (ntdll) RtlUserThreadStart

Trying to reload asset but can't find object on disk
0x00007ff72ca9b6fc (Unity) StackWalker::GetCurrentCallstack
0x00007ff72caa3d99 (Unity) StackWalker::ShowCallstack
0x00007ff72dfd1cac (Unity) GetStacktrace
0x00007ff72f105ab3 (Unity) DebugStringToFile
0x00007ff72c9b5099 (Unity) PersistentManager::ReloadFromDisk
0x00007ff72e16d676 (Unity) ReloadSerializedSingletons
0x00007ff72e143806 (Unity) <lambda_d5cd3abeeb3ed75489242b6b28c1fa53>::operator()
0x00007ff72e1e78a2 (Unity) asio::detail::completion_handler<core::mutable_function<void __cdecl(void)> >::do_complete
0x00007ff72e1e9a00 (Unity) asio::detail::win_iocp_io_service::do_one
0x00007ff72e1ed18e (Unity) asio::io_service::run
0x00007ff72e17002b (Unity) RunAssetImportWorkerClientV2
0x00007ff72e170080 (Unity) RunAssetImporterV2
0x00007ff72d62b046 (Unity) Application::InitializeProject
0x00007ff72dfdf212 (Unity) WinMain
0x00007ff72fe3def6 (Unity) __scrt_common_main_seh
0x00007ff91a8b7034 (KERNEL32) BaseThreadInitThunk
0x00007ff91aca2651 (ntdll) RtlUserThreadStart

Trying to reload asset but can't find object on disk
0x00007ff72ca9b6fc (Unity) StackWalker::GetCurrentCallstack
0x00007ff72caa3d99 (Unity) StackWalker::ShowCallstack
0x00007ff72dfd1cac (Unity) GetStacktrace
0x00007ff72f105ab3 (Unity) DebugStringToFile
0x00007ff72c9b5099 (Unity) PersistentManager::ReloadFromDisk
0x00007ff72e16d676 (Unity) ReloadSerializedSingletons
0x00007ff72e143806 (Unity) <lambda_d5cd3abeeb3ed75489242b6b28c1fa53>::operator()
0x00007ff72e1e78a2 (Unity) asio::detail::completion_handler<core::mutable_function<void __cdecl(void)> >::do_complete
0x00007ff72e1e9a00 (Unity) asio::detail::win_iocp_io_service::do_one
0x00007ff72e1ed18e (Unity) asio::io_service::run
0x00007ff72e17002b (Unity) RunAssetImportWorkerClientV2
0x00007ff72e170080 (Unity) RunAssetImporterV2
0x00007ff72d62b046 (Unity) Application::InitializeProject
0x00007ff72dfdf212 (Unity) WinMain
0x00007ff72fe3def6 (Unity) __scrt_common_main_seh
0x00007ff91a8b7034 (KERNEL32) BaseThreadInitThunk
0x00007ff91aca2651 (ntdll) RtlUserThreadStart

Trying to reload asset but can't find object on disk
0x00007ff72ca9b6fc (Unity) StackWalker::GetCurrentCallstack
0x00007ff72caa3d99 (Unity) StackWalker::ShowCallstack
0x00007ff72dfd1cac (Unity) GetStacktrace
0x00007ff72f105ab3 (Unity) DebugStringToFile
0x00007ff72c9b5099 (Unity) PersistentManager::ReloadFromDisk
0x00007ff72e16d676 (Unity) ReloadSerializedSingletons
0x00007ff72e143806 (Unity) <lambda_d5cd3abeeb3ed75489242b6b28c1fa53>::operator()
0x00007ff72e1e78a2 (Unity) asio::detail::completion_handler<core::mutable_function<void __cdecl(void)> >::do_complete
0x00007ff72e1e9a00 (Unity) asio::detail::win_iocp_io_service::do_one
0x00007ff72e1ed18e (Unity) asio::io_service::run
0x00007ff72e17002b (Unity) RunAssetImportWorkerClientV2
0x00007ff72e170080 (Unity) RunAssetImporterV2
0x00007ff72d62b046 (Unity) Application::InitializeProject
0x00007ff72dfdf212 (Unity) WinMain
0x00007ff72fe3def6 (Unity) __scrt_common_main_seh
0x00007ff91a8b7034 (KERNEL32) BaseThreadInitThunk
0x00007ff91aca2651 (ntdll) RtlUserThreadStart

Trying to reload asset but can't find object on disk
0x00007ff72ca9b6fc (Unity) StackWalker::GetCurrentCallstack
0x00007ff72caa3d99 (Unity) StackWalker::ShowCallstack
0x00007ff72dfd1cac (Unity) GetStacktrace
0x00007ff72f105ab3 (Unity) DebugStringToFile
0x00007ff72c9b5099 (Unity) PersistentManager::ReloadFromDisk
0x00007ff72e16d676 (Unity) ReloadSerializedSingletons
0x00007ff72e143806 (Unity) <lambda_d5cd3abeeb3ed75489242b6b28c1fa53>::operator()
0x00007ff72e1e78a2 (Unity) asio::detail::completion_handler<core::mutable_function<void __cdecl(void)> >::do_complete
0x00007ff72e1e9a00 (Unity) asio::detail::win_iocp_io_service::do_one
0x00007ff72e1ed18e (Unity) asio::io_service::run
0x00007ff72e17002b (Unity) RunAssetImportWorkerClientV2
0x00007ff72e170080 (Unity) RunAssetImporterV2
0x00007ff72d62b046 (Unity) Application::InitializeProject
0x00007ff72dfdf212 (Unity) WinMain
0x00007ff72fe3def6 (Unity) __scrt_common_main_seh
0x00007ff91a8b7034 (KERNEL32) BaseThreadInitThunk
0x00007ff91aca2651 (ntdll) RtlUserThreadStart

Trying to reload asset but can't find object on disk
0x00007ff72ca9b6fc (Unity) StackWalker::GetCurrentCallstack
0x00007ff72caa3d99 (Unity) StackWalker::ShowCallstack
0x00007ff72dfd1cac (Unity) GetStacktrace
0x00007ff72f105ab3 (Unity) DebugStringToFile
0x00007ff72c9b5099 (Unity) PersistentManager::ReloadFromDisk
0x00007ff72e16d676 (Unity) ReloadSerializedSingletons
0x00007ff72e143806 (Unity) <lambda_d5cd3abeeb3ed75489242b6b28c1fa53>::operator()
0x00007ff72e1e78a2 (Unity) asio::detail::completion_handler<core::mutable_function<void __cdecl(void)> >::do_complete
0x00007ff72e1e9a00 (Unity) asio::detail::win_iocp_io_service::do_one
0x00007ff72e1ed18e (Unity) asio::io_service::run
0x00007ff72e17002b (Unity) RunAssetImportWorkerClientV2
0x00007ff72e170080 (Unity) RunAssetImporterV2
0x00007ff72d62b046 (Unity) Application::InitializeProject
0x00007ff72dfdf212 (Unity) WinMain
0x00007ff72fe3def6 (Unity) __scrt_common_main_seh
0x00007ff91a8b7034 (KERNEL32) BaseThreadInitThunk
0x00007ff91aca2651 (ntdll) RtlUserThreadStart

Trying to reload asset but can't find object on disk
0x00007ff72ca9b6fc (Unity) StackWalker::GetCurrentCallstack
0x00007ff72caa3d99 (Unity) StackWalker::ShowCallstack
0x00007ff72dfd1cac (Unity) GetStacktrace
0x00007ff72f105ab3 (Unity) DebugStringToFile
0x00007ff72c9b5099 (Unity) PersistentManager::ReloadFromDisk
0x00007ff72e16d676 (Unity) ReloadSerializedSingletons
0x00007ff72e143806 (Unity) <lambda_d5cd3abeeb3ed75489242b6b28c1fa53>::operator()
0x00007ff72e1e78a2 (Unity) asio::detail::completion_handler<core::mutable_function<void __cdecl(void)> >::do_complete
0x00007ff72e1e9a00 (Unity) asio::detail::win_iocp_io_service::do_one
0x00007ff72e1ed18e (Unity) asio::io_service::run
0x00007ff72e17002b (Unity) RunAssetImportWorkerClientV2
0x00007ff72e170080 (Unity) RunAssetImporterV2
0x00007ff72d62b046 (Unity) Application::InitializeProject
0x00007ff72dfdf212 (Unity) WinMain
0x00007ff72fe3def6 (Unity) __scrt_common_main_seh
0x00007ff91a8b7034 (KERNEL32) BaseThreadInitThunk
0x00007ff91aca2651 (ntdll) RtlUserThreadStart

Trying to reload asset but can't find object on disk
0x00007ff72ca9b6fc (Unity) StackWalker::GetCurrentCallstack
0x00007ff72caa3d99 (Unity) StackWalker::ShowCallstack
0x00007ff72dfd1cac (Unity) GetStacktrace
0x00007ff72f105ab3 (Unity) DebugStringToFile
0x00007ff72c9b5099 (Unity) PersistentManager::ReloadFromDisk
0x00007ff72e16d676 (Unity) ReloadSerializedSingletons
0x00007ff72e143806 (Unity) <lambda_d5cd3abeeb3ed75489242b6b28c1fa53>::operator()
0x00007ff72e1e78a2 (Unity) asio::detail::completion_handler<core::mutable_function<void __cdecl(void)> >::do_complete
0x00007ff72e1e9a00 (Unity) asio::detail::win_iocp_io_service::do_one
0x00007ff72e1ed18e (Unity) asio::io_service::run
0x00007ff72e17002b (Unity) RunAssetImportWorkerClientV2
0x00007ff72e170080 (Unity) RunAssetImporterV2
0x00007ff72d62b046 (Unity) Application::InitializeProject
0x00007ff72dfdf212 (Unity) WinMain
0x00007ff72fe3def6 (Unity) __scrt_common_main_seh
0x00007ff91a8b7034 (KERNEL32) BaseThreadInitThunk
0x00007ff91aca2651 (ntdll) RtlUserThreadStart

Trying to reload asset but can't find object on disk
0x00007ff72ca9b6fc (Unity) StackWalker::GetCurrentCallstack
0x00007ff72caa3d99 (Unity) StackWalker::ShowCallstack
0x00007ff72dfd1cac (Unity) GetStacktrace
0x00007ff72f105ab3 (Unity) DebugStringToFile
0x00007ff72c9b5099 (Unity) PersistentManager::ReloadFromDisk
0x00007ff72e16d676 (Unity) ReloadSerializedSingletons
0x00007ff72e143806 (Unity) <lambda_d5cd3abeeb3ed75489242b6b28c1fa53>::operator()
0x00007ff72e1e78a2 (Unity) asio::detail::completion_handler<core::mutable_function<void __cdecl(void)> >::do_complete
0x00007ff72e1e9a00 (Unity) asio::detail::win_iocp_io_service::do_one
0x00007ff72e1ed18e (Unity) asio::io_service::run
0x00007ff72e17002b (Unity) RunAssetImportWorkerClientV2
0x00007ff72e170080 (Unity) RunAssetImporterV2
0x00007ff72d62b046 (Unity) Application::InitializeProject
0x00007ff72dfdf212 (Unity) WinMain
0x00007ff72fe3def6 (Unity) __scrt_common_main_seh
0x00007ff91a8b7034 (KERNEL32) BaseThreadInitThunk
0x00007ff91aca2651 (ntdll) RtlUserThreadStart

Registering precompiled user dll's ...
Registered in 0.002351 seconds.
Begin MonoManager ReloadAssembly
Native extension for WindowsStandalone target not found
Refreshing native plugins compatible for Editor in 28.70 ms, found 2 plugins.
Preloading 0 native plugins for Editor in 0.00 ms.
Mono: successfully reloaded assembly
- Completed reload, in  0.949 seconds
Domain Reload Profiling:
	ReloadAssembly (950ms)
		BeginReloadAssembly (108ms)
			ExecutionOrderSort (0ms)
			DisableScriptedObjects (6ms)
			BackupInstance (0ms)
			ReleaseScriptingObjects (0ms)
			CreateAndSetChildDomain (33ms)
		EndReloadAssembly (794ms)
			LoadAssemblies (71ms)
			RebuildTransferFunctionScriptingTraits (0ms)
			SetupTypeCache (307ms)
			ReleaseScriptCaches (1ms)
			RebuildScriptCaches (38ms)
			SetupLoadedEditorAssemblies (252ms)
				LogAssemblyErrors (0ms)
				InitializePlatformSupportModulesInManaged (3ms)
				SetLoadedEditorAssemblies (0ms)
				RefreshPlugins (29ms)
				BeforeProcessingInitializeOnLoad (47ms)
				ProcessInitializeOnLoadAttributes (161ms)
				ProcessInitializeOnLoadMethodAttributes (7ms)
				AfterProcessingInitializeOnLoad (3ms)
				EditorAssembliesLoaded (0ms)
			ExecutionOrderSort2 (0ms)
			AwakeInstancesAfterBackupRestoration (6ms)
Platform modules already initialized, skipping
Refreshing native plugins compatible for Editor in 0.30 ms, found 2 plugins.
Preloading 0 native plugins for Editor in 0.00 ms.
Unloading 1482 Unused Serialized files (Serialized files now loaded: 0)
System memory in use before: 81.7 MB.
System memory in use after: 81.8 MB.

Unloading 259 unused Assets to reduce memory usage. Loaded Objects now: 2461.
Total: 3.199300 ms (FindLiveObjects: 0.381300 ms CreateObjectMapping: 0.142600 ms MarkObjects: 2.589300 ms  DeleteObjects: 0.084000 ms)

AssetImportParameters requested are different than current active one (requested -> active):
  custom:framework-win-MediaFoundation: 216162199b28c13a410421893ffa2e32 -> 
  custom:video-decoder-ogg-theora: a1e56fd34408186e4bbccfd4996cb3dc -> 
  custom:container-muxer-webm: aa71ff27fc2769a1b78a27578f13a17b -> 
  custom:container-demuxer-webm: 4f35f7cbe854078d1ac9338744f61a02 -> 
  custom:container-demuxer-ogg: 62fdf1f143b41e24485cea50d1cbac27 -> 
  custom:video-encoder-webm-vp8: eb34c28f22e8b96e1ab97ce403110664 -> 
  custom:video-decoder-webm-vp8: 9c59270c3fd7afecdb556c50c9e8de78 -> 
  custom:audio-decoder-ogg-vorbis: bf7c407c2cedff20999df2af8eb42d56 -> 
  custom:audio-encoder-webm-vorbis: bf7c407c2cedff20999df2af8eb42d56 -> 
AssetImportWorkerClient::OnTransportError - code=2 error=End of file
